                        Rock Element File Release


Rock Elements: SAT363B

Location: ssd.jpl.nasa.gov/pub/eph/satellites/rckin/rckin.sat363eq_b.txt

Equinox Reference Julian Date: 2451545.00

Bodies on the File:

    Name      Number          GM                  AX        BX        CX
    Pan        618     0.000000000000000E+00     0.500     0.000     0.000
    Daphni     635     0.000000000000000E+00     0.000     0.000     0.000

    Elements for Pan    at Julian Date: 2451545.000000000
       Semi-major axis             133584.4767617734       km
       h = esin(omega+node)        6.573230396213189E-07   
       k = ecos(omega+node)       -3.834742374741285E-06   
       mean longitude              146.5930214018767       deg
       p = tan(i/2)sin(node)       2.874273755616854E-06   
       q = tan(i/2)cos(node)       1.786179828249530E-06   
       apsidal rate                3.711667877073790E-05   deg/sec
       mean longitude rate         7.245737665179854E-03   deg/sec
       nodal rate                 -3.692848989739440E-05   deg/sec
       Reference plane pole RTA    40.58266021370071       deg
       Reference plane pole DEC    83.53762557532015       deg

    Elements for Daphni at Julian Date: 2455431.500000000
       Semi-major axis             136507.4939615504       km
       h = esin(omega+node)       -1.315672990237585E-05   
       k = ecos(omega+node)        9.642045594783008E-06   
       mean longitude              171.5596048001493       deg
       p = tan(i/2)sin(node)       7.531461278368427E-06   
       q = tan(i/2)cos(node)       1.795515998708297E-07   
       apsidal rate                3.436668768688540E-05   deg/sec
       mean longitude rate         7.013639183255008E-03   deg/sec
       nodal rate                 -3.419991514627601E-05   deg/sec
       Reference plane pole RTA    40.58266021370071       deg
       Reference plane pole DEC    83.53762557532015       deg

Release to: Horizons/NAIF                      Time: 31-Jan-2014 09:27: 8
Preparer: R. A. Jacobson

Comments:
Update of the precessing ellipse elements for Pan and Daphnis.
These elements are valid only after 2010 January 1.
